<?xml version="1.0" encoding="UTF-8"?>
<!-- Generated by org.testng.reporters.JUnitReportReporter -->
<testsuite skipped="0" hostname="ip-172-31-92-6" name="testcases.LoginTest" tests="4" failures="0" timestamp="2022-03-13T05:12:57 UTC" time="15.805" errors="0">
  <testcase name="ExternalDataTest" time="4.089" classname="testcases.LoginTest"/>
  <system-out/>
  <testcase name="LoginSuccessTest" time="3.302" classname="testcases.LoginTest"/>
  <system-out/>
  <testcase name="ParameterizedTest" time="4.003" classname="testcases.LoginTest"/>
  <system-out/>
  <testcase name="LoginFailiureTest" time="4.411" classname="testcases.LoginTest"/>
  <system-out/>
</testsuite> <!-- testcases.LoginTest -->
