<?xml version="1.0" encoding="UTF-8"?>
<!-- Generated by org.testng.reporters.JUnitReportReporter -->
<testsuite skipped="0" hostname="ip-172-31-92-6" name="testcases.LoginTest" tests="4" failures="0" timestamp="2022-03-19T04:10:26 UTC" time="14.796" errors="0">
  <testcase name="ParameterizedTest" time="3.488" classname="testcases.LoginTest"/>
  <system-out/>
  <testcase name="ExternalDataTest" time="4.070" classname="testcases.LoginTest"/>
  <system-out/>
  <testcase name="LoginSuccessTest" time="3.007" classname="testcases.LoginTest"/>
  <system-out/>
  <testcase name="LoginFailiureTest" time="4.231" classname="testcases.LoginTest"/>
  <system-out/>
</testsuite> <!-- testcases.LoginTest -->
